# JRE version: OpenJDK Runtime Environment (8.0_242-b01) (build 1.8.0_242-release-1644-b01)
# Java VM: OpenJDK 64-Bit Server VM (25.242-b01 mixed mode windows-amd64 compressed oops)
Heap:
 PSYoungGen      total 422400K, used 228685K [0x00000000e0000000, 0x00000000ff880000, 0x0000000100000000)
  eden space 336384K, 62% used [0x00000000e0000000,0x00000000ecbf54c8,0x00000000f4880000)
  from space 86016K, 23% used [0x00000000fa480000,0x00000000fb7de070,0x00000000ff880000)
  to   space 90112K, 0% used [0x00000000f4880000,0x00000000f4880000,0x00000000fa080000)
 ParOldGen       total 414208K, used 183182K [0x00000000a0000000, 0x00000000b9480000, 0x00000000e0000000)
  object space 414208K, 44% used [0x00000000a0000000,0x00000000ab2e3a20,0x00000000b9480000)
 Metaspace       used 167370K, capacity 175859K, committed 176024K, reserved 1202176K
  class space    used 20810K, capacity 22409K, committed 22440K, reserved 1048576K
GC Heap History (10 events):
Event: 132.470 GC heap before
{Heap before GC invocations=21 (full 4):
 PSYoungGen      total 407040K, used 161453K [0x00000000e0000000, 0x0000000100000000, 0x0000000100000000)
  eden space 331776K, 25% used [0x00000000e0000000,0x00000000e54302f0,0x00000000f4400000)
  from space 75264K, 99% used [0x00000000fb680000,0x00000000ffffb450,0x0000000100000000)
  to   space 96256K, 0% used [0x00000000f4400000,0x00000000f4400000,0x00000000fa200000)
 ParOldGen       total 328192K, used 155619K [0x00000000a0000000, 0x00000000b4080000, 0x00000000e0000000)
  object space 328192K, 47% used [0x00000000a0000000,0x00000000a97f8fd0,0x00000000b4080000)
 Metaspace       used 156227K, capacity 164197K, committed 164248K, reserved 1191936K
  class space    used 19868K, capacity 21384K, committed 21416K, reserved 1048576K
Event: 132.522 GC heap after
Heap after GC invocations=21 (full 4):
 PSYoungGen      total 428032K, used 928K [0x00000000e0000000, 0x0000000100000000, 0x0000000100000000)
  eden space 331776K, 0% used [0x00000000e0000000,0x00000000e0000000,0x00000000f4400000)
  from space 96256K, 0% used [0x00000000f4400000,0x00000000f44e8000,0x00000000fa200000)
  to   space 95744K, 0% used [0x00000000fa280000,0x00000000fa280000,0x0000000100000000)
 ParOldGen       total 328192K, used 196562K [0x00000000a0000000, 0x00000000b4080000, 0x00000000e0000000)
  object space 328192K, 59% used [0x00000000a0000000,0x00000000abff4bd0,0x00000000b4080000)
 Metaspace       used 156227K, capacity 164197K, committed 164248K, reserved 1191936K
  class space    used 19868K, capacity 21384K, committed 21416K, reserved 1048576K
}
Event: 132.522 GC heap before
{Heap before GC invocations=22 (full 5):
 PSYoungGen      total 428032K, used 928K [0x00000000e0000000, 0x0000000100000000, 0x0000000100000000)
  eden space 331776K, 0% used [0x00000000e0000000,0x00000000e0000000,0x00000000f4400000)
  from space 96256K, 0% used [0x00000000f4400000,0x00000000f44e8000,0x00000000fa200000)
  to   space 95744K, 0% used [0x00000000fa280000,0x00000000fa280000,0x0000000100000000)
 ParOldGen       total 328192K, used 196562K [0x00000000a0000000, 0x00000000b4080000, 0x00000000e0000000)
  object space 328192K, 59% used [0x00000000a0000000,0x00000000abff4bd0,0x00000000b4080000)
 Metaspace       used 156227K, capacity 164197K, committed 164248K, reserved 1191936K
  class space    used 19868K, capacity 21384K, committed 21416K, reserved 1048576K
Event: 132.884 GC heap after
Heap after GC invocations=22 (full 5):
 PSYoungGen      total 428032K, used 0K [0x00000000e0000000, 0x0000000100000000, 0x0000000100000000)
  eden space 331776K, 0% used [0x00000000e0000000,0x00000000e0000000,0x00000000f4400000)
  from space 96256K, 0% used [0x00000000f4400000,0x00000000f4400000,0x00000000fa200000)
  to   space 95744K, 0% used [0x00000000fa280000,0x00000000fa280000,0x0000000100000000)
 ParOldGen       total 414208K, used 114349K [0x00000000a0000000, 0x00000000b9480000, 0x00000000e0000000)
  object space 414208K, 27% used [0x00000000a0000000,0x00000000a6fab4b0,0x00000000b9480000)
 Metaspace       used 155977K, capacity 163527K, committed 164248K, reserved 1191936K
  class space    used 19781K, capacity 21233K, committed 21416K, reserved 1048576K
}
Event: 135.954 GC heap before
{Heap before GC invocations=23 (full 5):
 PSYoungGen      total 428032K, used 331776K [0x00000000e0000000, 0x0000000100000000, 0x0000000100000000)
  eden space 331776K, 100% used [0x00000000e0000000,0x00000000f4400000,0x00000000f4400000)
  from space 96256K, 0% used [0x00000000f4400000,0x00000000f4400000,0x00000000fa200000)
  to   space 95744K, 0% used [0x00000000fa280000,0x00000000fa280000,0x0000000100000000)
 ParOldGen       total 414208K, used 114349K [0x00000000a0000000, 0x00000000b9480000, 0x00000000e0000000)
  object space 414208K, 27% used [0x00000000a0000000,0x00000000a6fab4b0,0x00000000b9480000)
 Metaspace       used 162744K, capacity 170455K, committed 171160K, reserved 1198080K
  class space    used 20299K, capacity 21745K, committed 21928K, reserved 1048576K
Event: 135.980 GC heap after
Heap after GC invocations=23 (full 5):
 PSYoungGen      total 424448K, used 44034K [0x00000000e0000000, 0x00000000ffc80000, 0x0000000100000000)
  eden space 332288K, 0% used [0x00000000e0000000,0x00000000e0000000,0x00000000f4480000)
  from space 92160K, 47% used [0x00000000fa280000,0x00000000fcd80ac8,0x00000000ffc80000)
  to   space 94208K, 0% used [0x00000000f4480000,0x00000000f4480000,0x00000000fa080000)
 ParOldGen       total 414208K, used 114357K [0x00000000a0000000, 0x00000000b9480000, 0x00000000e0000000)
  object space 414208K, 27% used [0x00000000a0000000,0x00000000a6fad4b0,0x00000000b9480000)
 Metaspace       used 162744K, capacity 170455K, committed 171160K, reserved 1198080K
  class space    used 20299K, capacity 21745K, committed 21928K, reserved 1048576K
}
Event: 154.604 GC heap before
{Heap before GC invocations=24 (full 5):
 PSYoungGen      total 424448K, used 372204K [0x00000000e0000000, 0x00000000ffc80000, 0x0000000100000000)
  eden space 332288K, 98% used [0x00000000e0000000,0x00000000f407a7b0,0x00000000f4480000)
  from space 92160K, 47% used [0x00000000fa280000,0x00000000fcd80ac8,0x00000000ffc80000)
  to   space 94208K, 0% used [0x00000000f4480000,0x00000000f4480000,0x00000000fa080000)
 ParOldGen       total 414208K, used 130484K [0x00000000a0000000, 0x00000000b9480000, 0x00000000e0000000)
  object space 414208K, 31% used [0x00000000a0000000,0x00000000a7f6d3a8,0x00000000b9480000)
 Metaspace       used 164050K, capacity 172023K, committed 172312K, reserved 1200128K
  class space    used 20456K, capacity 21973K, committed 22056K, reserved 1048576K
Event: 154.636 GC heap after
Heap after GC invocations=24 (full 5):
 PSYoungGen      total 426496K, used 47602K [0x00000000e0000000, 0x0000000100000000, 0x0000000100000000)
  eden space 332288K, 0% used [0x00000000e0000000,0x00000000e0000000,0x00000000f4480000)
  from space 94208K, 50% used [0x00000000f4480000,0x00000000f72fc810,0x00000000fa080000)
  to   space 93696K, 0% used [0x00000000fa480000,0x00000000fa480000,0x0000000100000000)
 ParOldGen       total 414208K, used 156778K [0x00000000a0000000, 0x00000000b9480000, 0x00000000e0000000)
  object space 414208K, 37% used [0x00000000a0000000,0x00000000a991a900,0x00000000b9480000)
 Metaspace       used 164050K, capacity 172023K, committed 172312K, reserved 1200128K
  class space    used 20456K, capacity 21973K, committed 22056K, reserved 1048576K
}
Event: 2268.312 GC heap before
{Heap before GC invocations=25 (full 5):
 PSYoungGen      total 426496K, used 379890K [0x00000000e0000000, 0x0000000100000000, 0x0000000100000000)
  eden space 332288K, 100% used [0x00000000e0000000,0x00000000f4480000,0x00000000f4480000)
  from space 94208K, 50% used [0x00000000f4480000,0x00000000f72fc810,0x00000000fa080000)
  to   space 93696K, 0% used [0x00000000fa480000,0x00000000fa480000,0x0000000100000000)
 ParOldGen       total 414208K, used 156781K [0x00000000a0000000, 0x00000000b9480000, 0x00000000e0000000)
  object space 414208K, 37% used [0x00000000a0000000,0x00000000a991b428,0x00000000b9480000)
 Metaspace       used 167164K, capacity 175581K, committed 175768K, reserved 1202176K
  class space    used 20802K, capacity 22396K, committed 22440K, reserved 1048576K
Event: 2268.478 GC heap after
Heap after GC invocations=25 (full 5):
 PSYoungGen      total 422400K, used 19832K [0x00000000e0000000, 0x00000000ff880000, 0x0000000100000000)
  eden space 336384K, 0% used [0x00000000e0000000,0x00000000e0000000,0x00000000f4880000)
  from space 86016K, 23% used [0x00000000fa480000,0x00000000fb7de070,0x00000000ff880000)
  to   space 90112K, 0% used [0x00000000f4880000,0x00000000f4880000,0x00000000fa080000)
 ParOldGen       total 414208K, used 183182K [0x00000000a0000000, 0x00000000b9480000, 0x00000000e0000000)
  object space 414208K, 44% used [0x00000000a0000000,0x00000000ab2e3a20,0x00000000b9480000)
 Metaspace       used 167164K, capacity 175581K, committed 175768K, reserved 1202176K
  class space    used 20802K, capacity 22396K, committed 22440K, reserved 1048576K
}

